<?xml version="1.0" encoding="UTF-8"?>
<!-- Generated by org.testng.reporters.JUnitXMLReporter -->
<testsuite ignored="0" hostname="DESKTOP-02S8FLT" failures="1" tests="2" name="Error Validation" time="29.46" errors="0" timestamp="09 Oct 2022 19:24:04 GMT">
  <testcase classname="Academy.Tests.ErrorValidation" name="ProductErrorValidation" time="14.706"/>
  <testcase classname="Academy.Tests.ErrorValidation" name="WrongLogin" time="0.625">
    <failure type="java.lang.AssertionError" message="expected [Incorrect email or password.!!!] but found [Incorrect email or password.]">
      <![CDATA[java.lang.AssertionError: expected [Incorrect email or password.!!!] but found [Incorrect email or password.]
at Academy.Tests.ErrorValidation.WrongLogin(ErrorValidation.java:20)
at java.base/java.util.concurrent.FutureTask.run(FutureTask.java:264)
at java.base/java.util.concurrent.ThreadPoolExecutor.runWorker(ThreadPoolExecutor.java:1136)
at java.base/java.util.concurrent.ThreadPoolExecutor$Worker.run(ThreadPoolExecutor.java:635)
at java.base/java.lang.Thread.run(Thread.java:833)
... Removed 22 stack frames]]>
    </failure>
  </testcase> <!-- WrongLogin -->
</testsuite> <!-- Error Validation -->
