<?xml version="1.0" encoding="UTF-8"?>
<!-- Generated by org.testng.reporters.JUnitXMLReporter -->
<testsuite ignored="0" hostname="DESKTOP-02S8FLT" failures="0" tests="3" name="Submit Order" time="52.632" errors="0" timestamp="09 Oct 2022 19:24:27 GMT">
  <testcase classname="Academy.Tests.StandAloneTest2" name="submitOrder" time="16.771"/>
  <testcase classname="Academy.Tests.StandAloneTest2" name="submitOrder" time="17.202"/>
  <testcase classname="Academy.Tests.StandAloneTest2" name="OrderHistoryTest" time="1.01"/>
</testsuite> <!-- Submit Order -->
