<?xml version="1.0" encoding="UTF-8"?>
<!-- Generated by org.testng.reporters.JUnitXMLReporter -->
<testsuite ignored="0" hostname="DESKTOP-02S8FLT" failures="0" tests="3" name="Submit Order" time="50.041" errors="0" timestamp="10 Oct 2022 18:24:39 GMT">
  <testcase classname="Academy.Tests.StandAloneTest2" name="submitOrder" time="15.339"/>
  <testcase classname="Academy.Tests.StandAloneTest2" name="submitOrder" time="3.614"/>
  <testcase classname="Academy.Tests.StandAloneTest2" name="OrderHistoryTest" time="1.15"/>
</testsuite> <!-- Submit Order -->
