<?xml version="1.0" encoding="UTF-8"?>
<testng-results ignored="0" total="5" passed="5" failed="0" skipped="0">
  <reporter-output>
  </reporter-output>
  <suite started-at="2022-10-10T18:23:49Z" name="Suite" finished-at="2022-10-10T18:24:39Z" duration-ms="50041">
    <groups>
      <group name="Purchase">
        <method signature="StandAloneTest2.submitOrder(java.util.HashMap)[pri:0, instance:Academy.Tests.StandAloneTest2@7dda48d9]" name="submitOrder" class="Academy.Tests.StandAloneTest2"/>
      </group> <!-- Purchase -->
      <group name="ErrorHandling">
        <method signature="ErrorValidation.WrongLogin()[pri:0, instance:Academy.Tests.ErrorValidation@289710d9]" name="WrongLogin" class="Academy.Tests.ErrorValidation"/>
      </group> <!-- ErrorHandling -->
    </groups>
    <test started-at="2022-10-10T18:23:49Z" name="Error Validation" finished-at="2022-10-10T18:24:17Z" duration-ms="27834">
      <class name="Academy.Tests.ErrorValidation">
        <test-method is-config="true" signature="launchApplication()[pri:0, instance:Academy.Tests.ErrorValidation@289710d9]" started-at="2022-10-10T18:23:49Z" name="launchApplication" finished-at="2022-10-10T18:23:57Z" duration-ms="7725" status="PASS">
          <reporter-output>
          </reporter-output>
        </test-method> <!-- launchApplication -->
        <test-method signature="ProductErrorValidation()[pri:0, instance:Academy.Tests.ErrorValidation@289710d9]" started-at="2022-10-10T18:23:57Z" name="ProductErrorValidation" finished-at="2022-10-10T18:24:12Z" duration-ms="14743" status="PASS">
          <reporter-output>
          </reporter-output>
        </test-method> <!-- ProductErrorValidation -->
        <test-method is-config="true" signature="tearDown()[pri:0, instance:Academy.Tests.ErrorValidation@289710d9]" started-at="2022-10-10T18:24:12Z" name="tearDown" finished-at="2022-10-10T18:24:12Z" duration-ms="59" status="PASS">
          <reporter-output>
          </reporter-output>
        </test-method> <!-- tearDown -->
        <test-method is-config="true" signature="launchApplication()[pri:0, instance:Academy.Tests.ErrorValidation@289710d9]" started-at="2022-10-10T18:24:12Z" name="launchApplication" finished-at="2022-10-10T18:24:16Z" duration-ms="4549" status="PASS">
          <reporter-output>
          </reporter-output>
        </test-method> <!-- launchApplication -->
        <test-method signature="WrongLogin()[pri:0, instance:Academy.Tests.ErrorValidation@289710d9]" started-at="2022-10-10T18:24:16Z" name="WrongLogin" finished-at="2022-10-10T18:24:17Z" duration-ms="692" status="PASS">
          <reporter-output>
          </reporter-output>
        </test-method> <!-- WrongLogin -->
        <test-method is-config="true" signature="tearDown()[pri:0, instance:Academy.Tests.ErrorValidation@289710d9]" started-at="2022-10-10T18:24:17Z" name="tearDown" finished-at="2022-10-10T18:24:17Z" duration-ms="40" status="PASS">
          <reporter-output>
          </reporter-output>
        </test-method> <!-- tearDown -->
      </class> <!-- Academy.Tests.ErrorValidation -->
    </test> <!-- Error Validation -->
    <test started-at="2022-10-10T18:23:49Z" name="Submit Order" finished-at="2022-10-10T18:24:39Z" duration-ms="50041">
      <class name="Academy.Tests.StandAloneTest2">
        <test-method is-config="true" signature="launchApplication()[pri:0, instance:Academy.Tests.StandAloneTest2@7dda48d9]" started-at="2022-10-10T18:23:50Z" name="launchApplication" finished-at="2022-10-10T18:23:56Z" duration-ms="6388" status="PASS">
          <reporter-output>
          </reporter-output>
        </test-method> <!-- launchApplication -->
        <test-method signature="submitOrder(java.util.HashMap)[pri:0, instance:Academy.Tests.StandAloneTest2@7dda48d9]" started-at="2022-10-10T18:23:56Z" name="submitOrder" data-provider="getData" finished-at="2022-10-10T18:24:11Z" duration-ms="15339" status="PASS">
          <params>
            <param index="0">
              <value>
                <![CDATA[{pwd=Abc12345, email=abc123456@gmail.com, productName=ADIDAS ORIGINAL}]]>
              </value>
            </param>
          </params>
          <reporter-output>
          </reporter-output>
        </test-method> <!-- submitOrder -->
        <test-method is-config="true" signature="tearDown()[pri:0, instance:Academy.Tests.StandAloneTest2@7dda48d9]" started-at="2022-10-10T18:24:11Z" name="tearDown" finished-at="2022-10-10T18:24:11Z" duration-ms="48" status="PASS">
          <reporter-output>
          </reporter-output>
        </test-method> <!-- tearDown -->
        <test-method is-config="true" signature="launchApplication()[pri:0, instance:Academy.Tests.StandAloneTest2@7dda48d9]" started-at="2022-10-10T18:24:11Z" name="launchApplication" finished-at="2022-10-10T18:24:16Z" duration-ms="4413" status="PASS">
          <reporter-output>
          </reporter-output>
        </test-method> <!-- launchApplication -->
        <test-method signature="submitOrder(java.util.HashMap)[pri:0, instance:Academy.Tests.StandAloneTest2@7dda48d9]" started-at="2022-10-10T18:24:16Z" name="submitOrder" data-provider="getData" finished-at="2022-10-10T18:24:19Z" duration-ms="3614" status="PASS">
          <params>
            <param index="0">
              <value>
                <![CDATA[{pwd=Abc12345, email=abc1234567@gmail.com, productName=ZARA COAT 3}]]>
              </value>
            </param>
          </params>
          <reporter-output>
          </reporter-output>
        </test-method> <!-- submitOrder -->
        <test-method is-config="true" signature="tearDown()[pri:0, instance:Academy.Tests.StandAloneTest2@7dda48d9]" started-at="2022-10-10T18:24:19Z" name="tearDown" finished-at="2022-10-10T18:24:20Z" duration-ms="25" status="PASS">
          <reporter-output>
          </reporter-output>
        </test-method> <!-- tearDown -->
        <test-method is-config="true" signature="launchApplication()[pri:0, instance:Academy.Tests.StandAloneTest2@7dda48d9]" started-at="2022-10-10T18:24:20Z" name="launchApplication" finished-at="2022-10-10T18:24:38Z" duration-ms="18577" status="PASS">
          <reporter-output>
          </reporter-output>
        </test-method> <!-- launchApplication -->
        <test-method signature="OrderHistoryTest()[pri:0, instance:Academy.Tests.StandAloneTest2@7dda48d9]" started-at="2022-10-10T18:24:38Z" name="OrderHistoryTest" finished-at="2022-10-10T18:24:39Z" depends-on-methods="Academy.Tests.StandAloneTest2.submitOrder" duration-ms="1150" status="PASS">
          <reporter-output>
          </reporter-output>
        </test-method> <!-- OrderHistoryTest -->
        <test-method is-config="true" signature="tearDown()[pri:0, instance:Academy.Tests.StandAloneTest2@7dda48d9]" started-at="2022-10-10T18:24:39Z" name="tearDown" finished-at="2022-10-10T18:24:39Z" duration-ms="31" status="PASS">
          <reporter-output>
          </reporter-output>
        </test-method> <!-- tearDown -->
      </class> <!-- Academy.Tests.StandAloneTest2 -->
    </test> <!-- Submit Order -->
  </suite> <!-- Suite -->
</testng-results>
